<?xml version="1.0" encoding="UTF-8"?>
<!-- Generated by org.testng.reporters.JUnitReportReporter -->
<testsuite hostname="Sagar" failures="0" tests="3" name="com.janitri.qa.tests.LoginPageTest" time="18.857" errors="0" timestamp="2025-09-05T13:20:38 IST" skipped="0">
  <testcase classname="com.janitri.qa.tests.LoginPageTest" name="testPasswordMasking" time="9.474"/>
  <testcase classname="com.janitri.qa.tests.LoginPageTest" name="testInvalidLoginShowsErrorMsg" time="5.587"/>
  <testcase classname="com.janitri.qa.tests.LoginPageTest" name="testLoginButtonStateWhenFieldsAreEmpty" time="3.796"/>
</testsuite> <!-- com.janitri.qa.tests.LoginPageTest -->
